[2020.06.16.20.11.03] [✓] : files retrived from the library:
[2020.06.16.20.11.03] [✓] : File ingested
[2020.06.16.20.11.03] [✓] : File ingested
[2020.06.16.20.11.03] [✓] : Trigram map successfully generated
[2020.06.16.20.11.03] [✓] : Text generated.
[2020.06.16.20.11.03] [✓] : Trigram map successfully generated
[2020.06.16.20.11.03] [✓] : Trigram map successfully generated
[2020.06.16.20.11.13] [✓] : files retrived from the library:
[2020.06.16.20.11.13] [✓] : File ingested
[2020.06.16.20.11.13] [✓] : File ingested
[2020.06.16.20.11.13] [✓] : Trigram map successfully generated
[2020.06.16.20.11.13] [✓] : Text generated.
[2020.06.16.20.11.13] [✓] : Trigram map successfully generated
[2020.06.16.20.11.13] [✓] : Trigram map successfully generated
[2020.06.16.20.27.07] [✓] : Trigram map successfully generated
[2020.06.16.20.28.22] [✓] : Trigram map successfully generated
[2020.06.16.20.29.46] [✓] : Trigram map successfully generated
[2020.06.16.20.30.05] [✓] : Trigram map successfully generated
[2020.06.16.20.35.59] [✓] : File ingested
[2020.06.16.20.40.55] [✓] : files retrived from the library:
[2020.06.16.20.40.55] [✓] : File ingested
[2020.06.16.20.40.55] [✓] : File ingested
[2020.06.16.20.40.55] [✓] : Trigram map successfully generated
[2020.06.16.20.40.55] [✓] : Text generated.
[2020.06.16.20.40.55] [✓] : Trigram map successfully generated
[2020.06.16.20.40.55] [✓] : Trigram map successfully generated
[2020.06.16.20.40.55] [✓] : Trigram map successfully generated
[2020.06.16.20.40.55] [✓] : Trigram map successfully generated
[2020.06.16.20.58.41] [✓] : files retrived from the library:
[2020.06.16.20.58.41] [✓] : File ingested
[2020.06.16.20.58.41] [✓] : File ingested
[2020.06.16.20.58.41] [✓] : Trigram map successfully generated
[2020.06.16.20.58.41] [✓] : Text generated.
[2020.06.16.20.58.41] [✓] : Trigram map successfully generated
[2020.06.16.20.58.41] [✓] : Trigram map successfully generated
[2020.06.16.20.58.41] [✓] : Trigram map successfully generated
[2020.06.16.20.58.41] [✓] : Trigram map successfully generated
[2020.06.16.21.04.12] [✓] : files retrived from the library:
[2020.06.16.21.04.12] [✓] : File ingested
[2020.06.16.21.04.12] [✓] : File ingested
[2020.06.16.21.04.12] [✓] : Trigram map successfully generated
[2020.06.16.21.04.12] [✓] : Text generated.
[2020.06.16.21.04.12] [✓] : Trigram map successfully generated
[2020.06.16.21.04.12] [✓] : Trigram map successfully generated
[2020.06.16.21.04.12] [✓] : Trigram map successfully generated
[2020.06.16.21.04.12] [✓] : Trigram map successfully generated
[2020.06.16.21.04.55] [✓] : files retrived from the library:
[2020.06.16.21.04.55] [✓] : File ingested
[2020.06.16.21.04.55] [✓] : File ingested
[2020.06.16.21.04.55] [✓] : Trigram map successfully generated
[2020.06.16.21.04.55] [✓] : Text generated.
[2020.06.16.21.04.55] [✓] : Trigram map successfully generated
[2020.06.16.21.04.55] [✓] : Trigram map successfully generated
[2020.06.16.21.04.55] [✓] : Trigram map successfully generated
[2020.06.16.21.04.55] [✓] : Trigram map successfully generated
[2020.06.16.21.05.22] [✓] : files retrived from the library:
[2020.06.16.21.05.22] [✓] : File ingested
[2020.06.16.21.05.22] [✓] : File ingested
[2020.06.16.21.05.22] [✓] : Trigram map successfully generated
[2020.06.16.21.05.22] [✓] : Text generated.
[2020.06.16.21.05.22] [✓] : Trigram map successfully generated
[2020.06.16.21.05.22] [✓] : Trigram map successfully generated
[2020.06.16.21.05.22] [✓] : Trigram map successfully generated
[2020.06.16.21.05.22] [✓] : Trigram map successfully generated
[2020.06.16.21.05.29] [✓] : files retrived from the library:
[2020.06.16.21.05.29] [✓] : File ingested
[2020.06.16.21.05.29] [✓] : File ingested
[2020.06.16.21.05.29] [✓] : Trigram map successfully generated
[2020.06.16.21.05.29] [✓] : Text generated.
[2020.06.16.21.05.29] [✓] : Trigram map successfully generated
[2020.06.16.21.05.29] [✓] : Trigram map successfully generated
[2020.06.16.21.05.29] [✓] : Trigram map successfully generated
[2020.06.16.21.05.29] [✓] : Trigram map successfully generated
[2020.06.16.21.07.14] [✓] : files retrived from the library:
[2020.06.16.21.07.15] [✓] : File ingested
[2020.06.16.21.07.15] [✓] : File ingested
[2020.06.16.21.07.15] [✓] : Trigram map successfully generated
[2020.06.16.21.07.15] [✓] : Text generated.
[2020.06.16.21.07.15] [✓] : Trigram map successfully generated
[2020.06.16.21.07.15] [✓] : Trigram map successfully generated
[2020.06.16.21.07.15] [✓] : Trigram map successfully generated
[2020.06.16.21.07.15] [✓] : Trigram map successfully generated
[2020.06.16.21.07.41] [✓] : files retrived from the library:
[2020.06.16.21.07.41] [✓] : File ingested
[2020.06.16.21.07.41] [✓] : File ingested
[2020.06.16.21.07.41] [✓] : Trigram map successfully generated
[2020.06.16.21.07.41] [✓] : Text generated.
[2020.06.16.21.07.41] [✓] : Trigram map successfully generated
[2020.06.16.21.07.41] [✓] : Trigram map successfully generated
[2020.06.16.21.07.41] [✓] : Trigram map successfully generated
[2020.06.16.21.07.41] [✓] : Trigram map successfully generated
[2020.06.16.21.10.12] [✓] : files retrived from the library:
[2020.06.16.21.10.12] [✓] : File ingested
[2020.06.16.21.10.12] [✓] : File ingested
[2020.06.16.21.10.12] [✓] : Trigram map successfully generated
[2020.06.16.21.10.12] [✓] : Text generated.
[2020.06.16.21.10.12] [✓] : Trigram map successfully generated
[2020.06.16.21.10.12] [✓] : Trigram map successfully generated
[2020.06.16.21.10.12] [✓] : Trigram map successfully generated
[2020.06.16.21.10.12] [✓] : Trigram map successfully generated
[2020.06.16.21.11.43] [✓] : files retrived from the library:
[2020.06.16.21.11.43] [✓] : File ingested
[2020.06.16.21.11.43] [✓] : File ingested
[2020.06.16.21.11.43] [✓] : Trigram map successfully generated
[2020.06.16.21.11.43] [✓] : Text generated.
[2020.06.16.21.11.43] [✓] : Trigram map successfully generated
[2020.06.16.21.11.43] [✓] : Trigram map successfully generated
[2020.06.16.21.11.43] [✓] : Trigram map successfully generated
[2020.06.16.21.11.43] [✓] : Trigram map successfully generated
[2020.06.16.21.12.10] [✓] : files retrived from the library:
[2020.06.16.21.12.10] [✓] : File ingested
[2020.06.16.21.12.10] [✓] : File ingested
[2020.06.16.21.12.10] [✓] : Trigram map successfully generated
[2020.06.16.21.12.10] [✓] : Text generated.
[2020.06.16.21.12.10] [✓] : Trigram map successfully generated
[2020.06.16.21.12.10] [✓] : Trigram map successfully generated
[2020.06.16.21.12.10] [✓] : Trigram map successfully generated
[2020.06.16.21.12.10] [✓] : Trigram map successfully generated
[2020.06.16.21.12.29] [✓] : files retrived from the library:
[2020.06.16.21.12.29] [✓] : File ingested
[2020.06.16.21.12.29] [✓] : File ingested
[2020.06.16.21.12.29] [✓] : Trigram map successfully generated
[2020.06.16.21.12.29] [✓] : Text generated.
[2020.06.16.21.12.29] [✓] : Trigram map successfully generated
[2020.06.16.21.12.29] [✓] : Trigram map successfully generated
[2020.06.16.21.12.29] [✓] : Trigram map successfully generated
[2020.06.16.21.12.29] [✓] : Trigram map successfully generated
[2020.06.16.21.19.05] [*] : Welcome to the trigram generator
[2020.06.16.21.19.05] [✓] : files retrived from the library:
[2020.06.16.21.19.05] [✓] : the following files are available for input:
[2020.06.16.21.19.05] [*] : Select a file between 0 and 4
[2020.06.16.21.31.18] [✓] : files retrived from the library:
[2020.06.16.21.31.18] [✓] : File ingested
[2020.06.16.21.31.18] [✓] : File ingested
[2020.06.16.21.31.18] [✓] : Trigram map successfully generated
[2020.06.16.21.31.18] [✓] : Text generated.
[2020.06.16.21.31.18] [✓] : Trigram map successfully generated
[2020.06.16.21.31.18] [✓] : Trigram map successfully generated
[2020.06.16.21.31.18] [✓] : Trigram map successfully generated
[2020.06.16.21.31.18] [✓] : Trigram map successfully generated
[2020.06.16.21.31.18] [*] : Welcome to the trigram generator
[2020.06.16.21.31.18] [✓] : files retrived from the library:
[2020.06.16.21.31.18] [✓] : the following files are available for input:
[2020.06.16.21.31.18] [*] : Select a file between 0 and 4
